<?xml version="1.0" encoding="UTF-8"?>
<!-- Generated by org.testng.reporters.JUnitReportReporter -->
<testsuite hostname="WIN-KTKCF87G99Q" failures="0" tests="2" name="Test.Userlogintest2withDDT" time="0.344" errors="0" timestamp="2022-01-22T23:38:54 EET" skipped="0">
  <testcase classname="Test.Userlogintest2withDDT" name="usercanlogin" time="0.218"/>
  <system-out/>
  <testcase classname="Test.Userlogintest2withDDT" name="usercanlogin" time="0.126"/>
  <system-out/>
</testsuite> <!-- Test.Userlogintest2withDDT -->
