<?xml version="1.0" encoding="UTF-8"?>
<!-- Generated by org.testng.reporters.JUnitReportReporter -->
<testsuite hostname="WIN-KTKCF87G99Q" failures="0" tests="1" name="Test.Userlogintest" time="4.288" errors="0" timestamp="2022-02-03T14:44:31 EET" skipped="0">
  <testcase classname="Test.Userlogintest" name="usercanlogin" time="4.288"/>
  <system-out/>
</testsuite> <!-- Test.Userlogintest -->
